<?xml version="1.0" encoding="UTF-8"?>
<!-- Generated by org.testng.reporters.JUnitXMLReporter -->
<testsuite ignored="0" hostname="DESKTOP-C0FBNF9" failures="0" tests="2" name="DataProvider" time="9.885" errors="0" timestamp="2022-01-17T18:38:03 IST">
  <testcase classname="dataprovider.DataProviderwithvalidinvaliddata" name="DataProvSampleTest" time="5.673"/>
  <testcase classname="dataprovider.DataProviderwithvalidinvaliddata" name="DataProvSampleTest" time="4.127"/>
</testsuite> <!-- DataProvider -->
