<?xml version="1.0" encoding="UTF-8"?>
<!-- Generated by org.testng.reporters.JUnitXMLReporter -->
<testsuite ignored="0" hostname="DESKTOP-C0FBNF9" failures="0" tests="4" name="QuickITNet" time="0.075" errors="0" timestamp="2022-01-17T18:55:58 IST">
  <testcase classname="dependent.TestNgDependentTestinxmlsuite" name="OpenBrowser" time="0.007"/>
  <testcase classname="dependent.TestNgDependentTestinxmlsuite" name="ViewAcc" time="0.001"/>
  <testcase classname="dependent.TestNgDependentTestinxmlsuite" name="CloseAccount" time="0.001"/>
  <testcase classname="dependent.TestNgDependentTestinxmlsuite" name="LogIn" time="0.001"/>
</testsuite> <!-- QuickITNet -->
